{"/Users/admin/tchnouodt52212012/cypress.config.js": {"path":"/Users/admin/tchnouodt52212012/cypress.config.js","statementMap":{"0":{"start":{"line":1,"column":25},"end":{"line":1,"column":43}},"1":{"start":{"line":3,"column":0},"end":{"line":15,"column":3}},"2":{"start":{"line":6,"column":6},"end":{"line":6,"column":57}},"3":{"start":{"line":12,"column":6},"end":{"line":12,"column":20}}},"fnMap":{"0":{"name":"(anonymous_0)","decl":{"start":{"line":5,"column":4},"end":{"line":5,"column":5}},"loc":{"start":{"line":5,"column":32},"end":{"line":13,"column":5}},"line":5}},"branchMap":{},"s":{"0":1,"1":1,"2":1,"3":1},"f":{"0":1},"b":{},"_coverageSchema":"1a1c01bbd47fc00a2c39e90264f33305004495a9","hash":"a88057a7915ee68242bf4250844238492c808615","contentHash":"04ec03037355cee2ef8c1991aff4e96acfe32ede66723ca2d89544df9f526332"}
}
