{"/Users/admin/tchnouodt52212012/cypress.config.js": {"path":"/Users/admin/tchnouodt52212012/cypress.config.js","statementMap":{"0":{"start":{"line":1,"column":25},"end":{"line":1,"column":43}},"1":{"start":{"line":3,"column":0},"end":{"line":16,"column":3}},"2":{"start":{"line":7,"column":6},"end":{"line":7,"column":57}},"3":{"start":{"line":13,"column":6},"end":{"line":13,"column":20}}},"fnMap":{"0":{"name":"(anonymous_0)","decl":{"start":{"line":6,"column":4},"end":{"line":6,"column":5}},"loc":{"start":{"line":6,"column":32},"end":{"line":14,"column":5}},"line":6}},"branchMap":{},"s":{"0":1,"1":1,"2":1,"3":1},"f":{"0":1},"b":{},"_coverageSchema":"1a1c01bbd47fc00a2c39e90264f33305004495a9","hash":"455081d7117408de5d87b17b6004dd8e4da3f0d3","contentHash":"8869d00195b4edb15adae0b670519aa699aafeed468369af786b913d2f5995ed"}
}
